b"[INFO] Scanning for projects...\n[INFO] \n[INFO] ------------------------< io.aharoj:jterminal >-------------------------\n[INFO] Building jterminal 0.0.1\n[INFO]   from pom.xml\n[INFO] --------------------------------[ jar ]---------------------------------\n[INFO] \n[INFO] --- resources:3.0.2:resources (default-resources) @ jterminal ---\n[INFO] Using 'UTF-8' encoding to copy filtered resources.\n[INFO] skip non existing resourceDirectory /Users/aharo/desk/research/jterminal/src/main/resources\n[INFO] \n[INFO] --- compiler:3.8.0:compile (default-compile) @ jterminal ---\n[INFO] Nothing to compile - all classes are up to date\n[INFO] \n[INFO] --- resources:3.0.2:testResources (default-testResources) @ jterminal ---\n[INFO] Using 'UTF-8' encoding to copy filtered resources.\n[INFO] skip non existing resourceDirectory /Users/aharo/desk/research/jterminal/src/test/resources\n[INFO] \n[INFO] --- compiler:3.8.0:testCompile (default-testCompile) @ jterminal ---\n[INFO] Nothing to compile - all classes are up to date\n[INFO] \n[INFO] --- surefire:2.22.1:test (default-test) @ jterminal ---\n[INFO] \n[INFO] -------------------------------------------------------\n[INFO]  T E S T S\n[INFO] -------------------------------------------------------\n[INFO] Running io.aharoj.AppTest\n[INFO] Tests run: 1, Failures: 0, Errors: 0, Skipped: 0, Time elapsed: 0.029 s - in io.aharoj.AppTest\n[INFO] Running io.aharoj.TestVt100TerminalModel\n[INFO] Tests run: 11, Failures: 0, Errors: 0, Skipped: 0, Time elapsed: 0.032 s - in io.aharoj.TestVt100TerminalModel\n[INFO] Running io.aharoj.TestAnsiControlSequenceParser\n[INFO] Tests run: 8, Failures: 0, Errors: 0, Skipped: 0, Time elapsed: 0 s - in io.aharoj.TestAnsiControlSequenceParser\n[INFO] \n[INFO] Results:\n[INFO] \n[INFO] Tests run: 20, Failures: 0, Errors: 0, Skipped: 0\n[INFO] \n[INFO] ------------------------------------------------------------------------\n[INFO] BUILD SUCCESS\n[INFO] ------------------------------------------------------------------------\n[INFO] Total time:  1.545 s\n[INFO] Finished at: 2023-07-23T19:40:55-04:00\n[INFO] ------------------------------------------------------------------------\n"